<?xml version="1.0" encoding="UTF-8"?>
<!-- Generated by org.testng.reporters.JUnitReportReporter -->
<testsuite hostname="umesh-Inspiron-1545" failures="0" tests="3" name="tests.vendorportal.VendorPortalTest" time="9.865" errors="0" timestamp="2024-07-30T15:46:38 IST" skipped="0">
  <testcase classname="tests.vendorportal.VendorPortalTest" name="dashboardTest" time="3.758"/>
  <system-out/>
  <testcase classname="tests.vendorportal.VendorPortalTest" name="logoutTest" time="3.205"/>
  <system-out/>
  <testcase classname="tests.vendorportal.VendorPortalTest" name="loginTest" time="2.902"/>
  <system-out/>
</testsuite> <!-- tests.vendorportal.VendorPortalTest -->
