<?xml version="1.0" encoding="UTF-8"?>
<!-- Generated by org.testng.reporters.JUnitReportReporter -->
<testsuite hostname="umesh-Inspiron-1545" failures="0" tests="3" name="vendorportal.VendorPortalTest" time="19.072" errors="0" timestamp="2024-07-30T15:15:46 IST" skipped="0">
  <testcase classname="vendorportal.VendorPortalTest" name="dashboardTest" time="2.976"/>
  <system-out/>
  <testcase classname="vendorportal.VendorPortalTest" name="loginTest" time="13.857"/>
  <system-out/>
  <testcase classname="vendorportal.VendorPortalTest" name="logoutTest" time="2.239"/>
  <system-out/>
</testsuite> <!-- vendorportal.VendorPortalTest -->
