<?xml version="1.0" encoding="UTF-8"?>
<!-- Generated by org.testng.reporters.JUnitReportReporter -->
<testsuite hostname="umesh-Inspiron-1545" failures="0" tests="20" name="tests.flightreservation.FlightReservationTest" time="72.445" errors="0" timestamp="2024-07-30T15:45:06 IST" skipped="0">
  <testcase classname="tests.flightreservation.FlightReservationTest" name="userRegistrationTest" time="5.831"/>
  <system-out/>
  <testcase classname="tests.flightreservation.FlightReservationTest" name="flightSearchTest" time="1.947"/>
  <system-out/>
  <testcase classname="tests.flightreservation.FlightReservationTest" name="userRegistrationTest" time="24.261"/>
  <system-out/>
  <testcase classname="tests.flightreservation.FlightReservationTest" name="registrationConfirmationTest" time="1.416"/>
  <system-out/>
  <testcase classname="tests.flightreservation.FlightReservationTest" name="flightReservationConfirmationTest" time="0.310"/>
  <system-out/>
  <testcase classname="tests.flightreservation.FlightReservationTest" name="registrationConfirmationTest" time="0.826"/>
  <system-out/>
  <testcase classname="tests.flightreservation.FlightReservationTest" name="flightSearchTest" time="1.947"/>
  <system-out/>
  <testcase classname="tests.flightreservation.FlightReservationTest" name="flightReservationConfirmationTest" time="1.932"/>
  <system-out/>
  <testcase classname="tests.flightreservation.FlightReservationTest" name="flightSearchTest" time="3.532"/>
  <system-out/>
  <testcase classname="tests.flightreservation.FlightReservationTest" name="flightSelectionTest" time="1.925"/>
  <system-out/>
  <testcase classname="tests.flightreservation.FlightReservationTest" name="flightSelectionTest" time="3.089"/>
  <system-out/>
  <testcase classname="tests.flightreservation.FlightReservationTest" name="userRegistrationTest" time="5.519"/>
  <system-out/>
  <testcase classname="tests.flightreservation.FlightReservationTest" name="flightSelectionTest" time="2.531"/>
  <system-out/>
  <testcase classname="tests.flightreservation.FlightReservationTest" name="flightReservationConfirmationTest" time="0.765"/>
  <system-out/>
  <testcase classname="tests.flightreservation.FlightReservationTest" name="registrationConfirmationTest" time="3.031"/>
  <system-out/>
  <testcase classname="tests.flightreservation.FlightReservationTest" name="flightReservationConfirmationTest" time="2.020"/>
  <system-out/>
  <testcase classname="tests.flightreservation.FlightReservationTest" name="userRegistrationTest" time="5.463"/>
  <system-out/>
  <testcase classname="tests.flightreservation.FlightReservationTest" name="registrationConfirmationTest" time="1.411"/>
  <system-out/>
  <testcase classname="tests.flightreservation.FlightReservationTest" name="flightSelectionTest" time="2.836"/>
  <system-out/>
  <testcase classname="tests.flightreservation.FlightReservationTest" name="flightSearchTest" time="1.853"/>
  <system-out/>
</testsuite> <!-- tests.flightreservation.FlightReservationTest -->
