<?xml version="1.0" encoding="UTF-8"?>
<!-- Generated by org.testng.reporters.JUnitReportReporter -->
<testsuite hostname="umesh-Inspiron-1545" failures="0" tests="20" name="flightreservation.FlightReservationTest" time="53.339" errors="0" timestamp="2024-07-29T18:31:05 IST" skipped="0">
  <testcase classname="flightreservation.FlightReservationTest" name="flightSearchTest" time="1.429"/>
  <system-out/>
  <testcase classname="flightreservation.FlightReservationTest" name="flightReservationConfirmationTest" time="1.909"/>
  <system-out/>
  <testcase classname="flightreservation.FlightReservationTest" name="flightReservationConfirmationTest" time="0.811"/>
  <system-out/>
  <testcase classname="flightreservation.FlightReservationTest" name="flightSearchTest" time="2.579"/>
  <system-out/>
  <testcase classname="flightreservation.FlightReservationTest" name="flightSelectionTest" time="2.040"/>
  <system-out/>
  <testcase classname="flightreservation.FlightReservationTest" name="userRegistrationTest" time="5.524"/>
  <system-out/>
  <testcase classname="flightreservation.FlightReservationTest" name="registrationConfirmationTest" time="2.000"/>
  <system-out/>
  <testcase classname="flightreservation.FlightReservationTest" name="registrationConfirmationTest" time="0.401"/>
  <system-out/>
  <testcase classname="flightreservation.FlightReservationTest" name="flightReservationConfirmationTest" time="1.986"/>
  <system-out/>
  <testcase classname="flightreservation.FlightReservationTest" name="flightSelectionTest" time="2.727"/>
  <system-out/>
  <testcase classname="flightreservation.FlightReservationTest" name="flightSelectionTest" time="2.533"/>
  <system-out/>
  <testcase classname="flightreservation.FlightReservationTest" name="flightReservationConfirmationTest" time="1.966"/>
  <system-out/>
  <testcase classname="flightreservation.FlightReservationTest" name="userRegistrationTest" time="6.090"/>
  <system-out/>
  <testcase classname="flightreservation.FlightReservationTest" name="registrationConfirmationTest" time="0.413"/>
  <system-out/>
  <testcase classname="flightreservation.FlightReservationTest" name="flightSearchTest" time="2.846"/>
  <system-out/>
  <testcase classname="flightreservation.FlightReservationTest" name="userRegistrationTest" time="5.897"/>
  <system-out/>
  <testcase classname="flightreservation.FlightReservationTest" name="flightSelectionTest" time="2.045"/>
  <system-out/>
  <testcase classname="flightreservation.FlightReservationTest" name="registrationConfirmationTest" time="1.548"/>
  <system-out/>
  <testcase classname="flightreservation.FlightReservationTest" name="userRegistrationTest" time="6.028"/>
  <system-out/>
  <testcase classname="flightreservation.FlightReservationTest" name="flightSearchTest" time="2.567"/>
  <system-out/>
</testsuite> <!-- flightreservation.FlightReservationTest -->
