<?xml version="1.0" encoding="UTF-8"?>
<!-- Generated by org.testng.reporters.JUnitReportReporter -->
<testsuite hostname="umesh-Inspiron-1545" failures="0" tests="1" name="testing.TestJava" time="0.071" errors="0" timestamp="2024-07-28T18:31:49 IST" skipped="0">
  <testcase classname="testing.TestJava" name="testing" time="0.071"/>
  <system-out/>
</testsuite> <!-- testing.TestJava -->
