<?xml version="1.0" encoding="UTF-8"?>
<!-- Generated by org.testng.reporters.JUnitReportReporter -->
<testsuite hostname="umesh-Inspiron-1545" failures="0" tests="20" name="tests.flightreservation.FlightReservationTest" time="51.020" errors="0" timestamp="2024-07-30T20:01:49 IST" skipped="0">
  <testcase classname="tests.flightreservation.FlightReservationTest" name="userRegistrationTest" time="4.973"/>
  <system-out/>
  <testcase classname="tests.flightreservation.FlightReservationTest" name="flightReservationConfirmationTest" time="1.500"/>
  <system-out/>
  <testcase classname="tests.flightreservation.FlightReservationTest" name="registrationConfirmationTest" time="2.108"/>
  <system-out/>
  <testcase classname="tests.flightreservation.FlightReservationTest" name="flightSelectionTest" time="2.646"/>
  <system-out/>
  <testcase classname="tests.flightreservation.FlightReservationTest" name="registrationConfirmationTest" time="2.052"/>
  <system-out/>
  <testcase classname="tests.flightreservation.FlightReservationTest" name="registrationConfirmationTest" time="2.063"/>
  <system-out/>
  <testcase classname="tests.flightreservation.FlightReservationTest" name="flightSearchTest" time="1.912"/>
  <system-out/>
  <testcase classname="tests.flightreservation.FlightReservationTest" name="registrationConfirmationTest" time="0.909"/>
  <system-out/>
  <testcase classname="tests.flightreservation.FlightReservationTest" name="flightReservationConfirmationTest" time="0.217"/>
  <system-out/>
  <testcase classname="tests.flightreservation.FlightReservationTest" name="flightSearchTest" time="2.452"/>
  <system-out/>
  <testcase classname="tests.flightreservation.FlightReservationTest" name="userRegistrationTest" time="5.353"/>
  <system-out/>
  <testcase classname="tests.flightreservation.FlightReservationTest" name="flightReservationConfirmationTest" time="1.335"/>
  <system-out/>
  <testcase classname="tests.flightreservation.FlightReservationTest" name="flightSelectionTest" time="1.929"/>
  <system-out/>
  <testcase classname="tests.flightreservation.FlightReservationTest" name="flightSelectionTest" time="2.497"/>
  <system-out/>
  <testcase classname="tests.flightreservation.FlightReservationTest" name="flightSearchTest" time="1.871"/>
  <system-out/>
  <testcase classname="tests.flightreservation.FlightReservationTest" name="flightSelectionTest" time="1.996"/>
  <system-out/>
  <testcase classname="tests.flightreservation.FlightReservationTest" name="userRegistrationTest" time="6.063"/>
  <system-out/>
  <testcase classname="tests.flightreservation.FlightReservationTest" name="flightSearchTest" time="1.826"/>
  <system-out/>
  <testcase classname="tests.flightreservation.FlightReservationTest" name="flightReservationConfirmationTest" time="2.021"/>
  <system-out/>
  <testcase classname="tests.flightreservation.FlightReservationTest" name="userRegistrationTest" time="5.297"/>
  <system-out/>
</testsuite> <!-- tests.flightreservation.FlightReservationTest -->
