<?xml version="1.0" encoding="UTF-8"?>
<!-- Generated by org.testng.reporters.JUnitReportReporter -->
<testsuite hostname="umesh-Inspiron-1545" failures="0" tests="9" name="tests.vendorportal.VendorPortalTest" time="39.303" errors="0" timestamp="2024-07-30T20:22:00 IST" skipped="0">
  <testcase classname="tests.vendorportal.VendorPortalTest" name="dashboardTest" time="13.250"/>
  <system-out/>
  <testcase classname="tests.vendorportal.VendorPortalTest" name="dashboardTest" time="3.594"/>
  <system-out/>
  <testcase classname="tests.vendorportal.VendorPortalTest" name="loginTest" time="4.378"/>
  <system-out/>
  <testcase classname="tests.vendorportal.VendorPortalTest" name="logoutTest" time="1.490"/>
  <system-out/>
  <testcase classname="tests.vendorportal.VendorPortalTest" name="logoutTest" time="1.546"/>
  <system-out/>
  <testcase classname="tests.vendorportal.VendorPortalTest" name="loginTest" time="3.195"/>
  <system-out/>
  <testcase classname="tests.vendorportal.VendorPortalTest" name="logoutTest" time="1.438"/>
  <system-out/>
  <testcase classname="tests.vendorportal.VendorPortalTest" name="loginTest" time="2.865"/>
  <system-out/>
  <testcase classname="tests.vendorportal.VendorPortalTest" name="dashboardTest" time="7.547"/>
  <system-out/>
</testsuite> <!-- tests.vendorportal.VendorPortalTest -->
